# JRE version: Java(TM) SE Runtime Environment (8.0_121-b13) (build 1.8.0_121-b13)
# Java VM: Java HotSpot(TM) 64-Bit Server VM (25.121-b13 mixed mode bsd-amd64 compressed oops)
Heap:
 PSYoungGen      total 586240K, used 512231K [0x000000076ab00000, 0x0000000798480000, 0x00000007c0000000)
  eden space 567808K, 90% used [0x000000076ab00000,0x0000000789f39e10,0x000000078d580000)
  from space 18432K, 0% used [0x000000078d580000,0x000000078d580000,0x000000078e780000)
  to   space 19456K, 0% used [0x0000000797180000,0x0000000797180000,0x0000000798480000)
 ParOldGen       total 1348096K, used 1065173K [0x00000006c0000000, 0x0000000712480000, 0x000000076ab00000)
  object space 1348096K, 79% used [0x00000006c0000000,0x0000000701035430,0x0000000712480000)
 Metaspace       used 78069K, capacity 81736K, committed 81920K, reserved 1120256K
  class space    used 10824K, capacity 11431K, committed 11520K, reserved 1048576K
GC Heap History (10 events):
Event: 20.845 GC heap before
{Heap before GC invocations=12 (full 2):
 PSYoungGen      total 450048K, used 143301K [0x000000076ab00000, 0x000000078f980000, 0x00000007c0000000)
  eden space 436736K, 29% used [0x000000076ab00000,0x00000007729f7108,0x0000000785580000)
  from space 13312K, 99% used [0x0000000785580000,0x000000078627a420,0x0000000786280000)
  to   space 18432K, 0% used [0x000000078e780000,0x000000078e780000,0x000000078f980000)
 ParOldGen       total 138752K, used 23412K [0x00000006c0000000, 0x00000006c8780000, 0x000000076ab00000)
  object space 138752K, 16% used [0x00000006c0000000,0x00000006c16dd038,0x00000006c8780000)
 Metaspace       used 56497K, capacity 58920K, committed 59008K, reserved 1099776K
  class space    used 7568K, capacity 8003K, committed 8064K, reserved 1048576K
Event: 20.864 GC heap after
Heap after GC invocations=12 (full 2):
 PSYoungGen      total 586240K, used 12408K [0x000000076ab00000, 0x000000078f980000, 0x00000007c0000000)
  eden space 567808K, 0% used [0x000000076ab00000,0x000000076ab00000,0x000000078d580000)
  from space 18432K, 67% used [0x000000078e780000,0x000000078f39e0e0,0x000000078f980000)
  to   space 18432K, 0% used [0x000000078d580000,0x000000078d580000,0x000000078e780000)
 ParOldGen       total 138752K, used 23420K [0x00000006c0000000, 0x00000006c8780000, 0x000000076ab00000)
  object space 138752K, 16% used [0x00000006c0000000,0x00000006c16df038,0x00000006c8780000)
 Metaspace       used 56497K, capacity 58920K, committed 59008K, reserved 1099776K
  class space    used 7568K, capacity 8003K, committed 8064K, reserved 1048576K
}
Event: 20.864 GC heap before
{Heap before GC invocations=13 (full 3):
 PSYoungGen      total 586240K, used 12408K [0x000000076ab00000, 0x000000078f980000, 0x00000007c0000000)
  eden space 567808K, 0% used [0x000000076ab00000,0x000000076ab00000,0x000000078d580000)
  from space 18432K, 67% used [0x000000078e780000,0x000000078f39e0e0,0x000000078f980000)
  to   space 18432K, 0% used [0x000000078d580000,0x000000078d580000,0x000000078e780000)
 ParOldGen       total 138752K, used 23420K [0x00000006c0000000, 0x00000006c8780000, 0x000000076ab00000)
  object space 138752K, 16% used [0x00000006c0000000,0x00000006c16df038,0x00000006c8780000)
 Metaspace       used 56497K, capacity 58920K, committed 59008K, reserved 1099776K
  class space    used 7568K, capacity 8003K, committed 8064K, reserved 1048576K
Event: 21.088 GC heap after
Heap after GC invocations=13 (full 3):
 PSYoungGen      total 586240K, used 0K [0x000000076ab00000, 0x000000078f980000, 0x00000007c0000000)
  eden space 567808K, 0% used [0x000000076ab00000,0x000000076ab00000,0x000000078d580000)
  from space 18432K, 0% used [0x000000078e780000,0x000000078e780000,0x000000078f980000)
  to   space 18432K, 0% used [0x000000078d580000,0x000000078d580000,0x000000078e780000)
 ParOldGen       total 188416K, used 24084K [0x00000006c0000000, 0x00000006cb800000, 0x000000076ab00000)
  object space 188416K, 12% used [0x00000006c0000000,0x00000006c17851e8,0x00000006cb800000)
 Metaspace       used 56497K, capacity 58920K, committed 59008K, reserved 1099776K
  class space    used 7568K, capacity 8003K, committed 8064K, reserved 1048576K
}
Event: 38.120 GC heap before
{Heap before GC invocations=14 (full 3):
 PSYoungGen      total 586240K, used 520401K [0x000000076ab00000, 0x000000078f980000, 0x00000007c0000000)
  eden space 567808K, 91% used [0x000000076ab00000,0x000000078a7345c8,0x000000078d580000)
  from space 18432K, 0% used [0x000000078e780000,0x000000078e780000,0x000000078f980000)
  to   space 18432K, 0% used [0x000000078d580000,0x000000078d580000,0x000000078e780000)
 ParOldGen       total 2796544K, used 2778138K [0x00000006c0000000, 0x000000076ab00000, 0x000000076ab00000)
  object space 2796544K, 99% used [0x00000006c0000000,0x0000000769906a68,0x000000076ab00000)
 Metaspace       used 65143K, capacity 68766K, committed 68864K, reserved 1107968K
  class space    used 8826K, capacity 9438K, committed 9472K, reserved 1048576K
Event: 38.158 GC heap after
Heap after GC invocations=14 (full 3):
 PSYoungGen      total 586240K, used 14066K [0x000000076ab00000, 0x0000000798480000, 0x00000007c0000000)
  eden space 567808K, 0% used [0x000000076ab00000,0x000000076ab00000,0x000000078d580000)
  from space 18432K, 76% used [0x000000078d580000,0x000000078e33c9a0,0x000000078e780000)
  to   space 19456K, 0% used [0x0000000797180000,0x0000000797180000,0x0000000798480000)
 ParOldGen       total 2796544K, used 2778146K [0x00000006c0000000, 0x000000076ab00000, 0x000000076ab00000)
  object space 2796544K, 99% used [0x00000006c0000000,0x0000000769908a68,0x000000076ab00000)
 Metaspace       used 65143K, capacity 68766K, committed 68864K, reserved 1107968K
  class space    used 8826K, capacity 9438K, committed 9472K, reserved 1048576K
}
Event: 38.158 GC heap before
{Heap before GC invocations=15 (full 4):
 PSYoungGen      total 586240K, used 14066K [0x000000076ab00000, 0x0000000798480000, 0x00000007c0000000)
  eden space 567808K, 0% used [0x000000076ab00000,0x000000076ab00000,0x000000078d580000)
  from space 18432K, 76% used [0x000000078d580000,0x000000078e33c9a0,0x000000078e780000)
  to   space 19456K, 0% used [0x0000000797180000,0x0000000797180000,0x0000000798480000)
 ParOldGen       total 2796544K, used 2778146K [0x00000006c0000000, 0x000000076ab00000, 0x000000076ab00000)
  object space 2796544K, 99% used [0x00000006c0000000,0x0000000769908a68,0x000000076ab00000)
 Metaspace       used 65143K, capacity 68766K, committed 68864K, reserved 1107968K
  class space    used 8826K, capacity 9438K, committed 9472K, reserved 1048576K
Event: 38.578 GC heap after
Heap after GC invocations=15 (full 4):
 PSYoungGen      total 586240K, used 0K [0x000000076ab00000, 0x0000000798480000, 0x00000007c0000000)
  eden space 567808K, 0% used [0x000000076ab00000,0x000000076ab00000,0x000000078d580000)
  from space 18432K, 0% used [0x000000078d580000,0x000000078d580000,0x000000078e780000)
  to   space 19456K, 0% used [0x0000000797180000,0x0000000797180000,0x0000000798480000)
 ParOldGen       total 267776K, used 34075K [0x00000006c0000000, 0x00000006d0580000, 0x000000076ab00000)
  object space 267776K, 12% used [0x00000006c0000000,0x00000006c2146e50,0x00000006d0580000)
 Metaspace       used 65143K, capacity 68766K, committed 68864K, reserved 1107968K
  class space    used 8826K, capacity 9438K, committed 9472K, reserved 1048576K
}
Event: 49.644 GC heap before
{Heap before GC invocations=16 (full 5):
 PSYoungGen      total 586240K, used 458057K [0x000000076ab00000, 0x0000000798480000, 0x00000007c0000000)
  eden space 567808K, 80% used [0x000000076ab00000,0x0000000786a524f8,0x000000078d580000)
  from space 18432K, 0% used [0x000000078d580000,0x000000078d580000,0x000000078e780000)
  to   space 19456K, 0% used [0x0000000797180000,0x0000000797180000,0x0000000798480000)
 ParOldGen       total 2796544K, used 2788129K [0x00000006c0000000, 0x000000076ab00000, 0x000000076ab00000)
  object space 2796544K, 99% used [0x00000006c0000000,0x000000076a2c86d0,0x000000076ab00000)
 Metaspace       used 69908K, capacity 73538K, committed 73856K, reserved 1114112K
  class space    used 9384K, capacity 10022K, committed 10112K, reserved 1048576K
Event: 49.989 GC heap after
Heap after GC invocations=16 (full 5):
 PSYoungGen      total 586240K, used 0K [0x000000076ab00000, 0x0000000798480000, 0x00000007c0000000)
  eden space 567808K, 0% used [0x000000076ab00000,0x000000076ab00000,0x000000078d580000)
  from space 18432K, 0% used [0x000000078d580000,0x000000078d580000,0x000000078e780000)
  to   space 19456K, 0% used [0x0000000797180000,0x0000000797180000,0x0000000798480000)
 ParOldGen       total 314368K, used 32402K [0x00000006c0000000, 0x00000006d3300000, 0x000000076ab00000)
  object space 314368K, 10% used [0x00000006c0000000,0x00000006c1fa4b00,0x00000006d3300000)
 Metaspace       used 69908K, capacity 73538K, committed 73856K, reserved 1114112K
  class space    used 9384K, capacity 10022K, committed 10112K, reserved 1048576K
}

